"Start of log file."
"D:/Users/lreming1/DOCUME~1/Github/3DGAME~4/3DGAME~2/Assets/ANIMAT~1/GOLEM(~1/GOLEM_~4.MAX"
"Starting max loading and fbx conversion"
window = undefined
"Settings units"
"Before fbx export"
"After fbx export"
"Finished max loading and fbx conversion"
"D:/Users/lreming1/DOCUME~1/Github/3DGAME~4/3DGAME~2/Assets/ANIMAT~1/GOLEM(~1/GOLEM_~4.MAX"
"Starting max loading and fbx conversion"
window = undefined
"Settings units"
"Before fbx export"
"After fbx export"
"Finished max loading and fbx conversion"
"D:/Users/lreming1/DOCUME~1/Github/3DGAME~4/3DGAME~2/Assets/ANIMAT~1/GOLEM(~1/GOLEM_~4.MAX"
"Starting max loading and fbx conversion"
window = undefined
"Settings units"
"Before fbx export"
"After fbx export"
"Finished max loading and fbx conversion"
"D:/Users/lreming1/DOCUME~1/Github/3DGAME~4/3DGAME~2/Assets/ANIMAT~1/GOLEM(~1/GOLEM_~4.MAX"
"Starting max loading and fbx conversion"
window = undefined
"Settings units"
"Before fbx export"
"After fbx export"
"Finished max loading and fbx conversion"
"D:/Users/lreming1/DOCUME~1/Github/3DGAME~4/3DGAME~2/Assets/ANIMAT~1/GOLEM(~1/GOLEM_~4.MAX"
"Starting max loading and fbx conversion"
window = undefined
"Settings units"
"Before fbx export"
"After fbx export"
"Finished max loading and fbx conversion"
"D:/Users/lreming1/DOCUME~1/Github/3DGAME~4/3DGAME~2/Assets/ANIMAT~1/GOLEM(~1/GOA973~1.MAX"
"Starting max loading and fbx conversion"
window = undefined
"Settings units"
"Before fbx export"
"After fbx export"
"Finished max loading and fbx conversion"
"D:/Users/lreming1/DOCUME~1/Github/3DGAME~4/3DGAME~2/Assets/ANIMAT~1/GOLEM(~1/GOLEM_~3.MAX"
"Starting max loading and fbx conversion"
window = undefined
"Settings units"
"Before fbx export"
"After fbx export"
"Finished max loading and fbx conversion"
